19750
29751
1426
2426
1320
1157
2478
1229
2228
1266
2266
1203
2210
16088
26082
1119
2118
1136
2142
1256
2253
1260
2274
1241
2227
1247
2245
1205
2238
1281
2253
1232
2237
1180
2222
194
1164
2211
1235
2235
1185
2183
197
1121
2218
193
292
1222
2219
1118
2122
1120
2119
1133
2133
1116
2137
1243
2226
1174
2171
198
2100
1151
2151
195
299
1191
2192
197
197
2201
1226
2228
191
2111
1113
1123
2197
1109
2109
1176
2222
1115
1107
2176
1200
2219
1111
2108
1129
2116
1135
2131
1102
2103
1141
1113
2257
1169
2176
1110
2114
1137
1108
2251
1146
1122
2250
1151
1105
2258
196
291
1180
2183
1124
1102
1136
1130
1125
1117
1141
1169
21044
1185
2192
1139
1108
1150
1118
2513
1142
1110
2250
1160
1122
1142
1138
2565
1141
1136
1134
1139
2547
1183
1114
2304
1154
2142
1113
2112
1175
1100
2287
1162
1262
1111
1131
2667
1128
1143
1109
1153
1122
1148
1127
1119
1146
1147
196
1150
1112
21687
1152
1125
1139
2428
1120
2109
1152
1133
2284
1165
191
1197
1262
15756
1942
11460
135603
244480
1299
2295
1346
1424
2777
1349
2345
1477
2475
1162
2161
1175
2176
1129
1135
2263
1121
199
2290
1120
2109
199
2121
1115
1106
1178
2319
1130
2130
1124
2123
1104
2104
1343
2343
1382
2382
1145
1394
2539
191
1125
2289
1136
1261
2325
1291
2290
1138
2198
1180
2121
1120
2120
1437
2437
1100
2106
1198
2191
1158
2158
1120
2120
1132
2132
1151
1270
2422
1108
2107
1184
2185
1108
1250
2432
1135
1103
1284
2447
1185
1398
2583
1523
2523
1308
2309
1122
1171
2293
197
2119
1458
2436
1269
2268
1376
2376
1178
1237
2416
1289
1271
2560
1440
2439
198
298
1651
2651
1357
1613
2971
191
291
191
2162
1132
2139
1223
2145
1275
2275
1235
2266
1113
1243
2325
1101
2100
194
294
1382
2382
1240
1570
199
1419
21336
193
1379
1455
2919
1101
2103
193
291
1222
1803
1373
21399
1287
2287
1284
2284
1473
2472
1576
2577
1677
2676
1280
2280
1214
2215
1294
2293
1209
2210
11179
21178
1298
2298
1257
2258
1272
2271
1118
2119
1317
2317
1293
2293
1270
2270
1239
2238
1176
2243
1100
1233
2271
1227
2223
1111
2110
1366
2367
1139
2139
1126
2126
1108
2107
194
295
1124
2123
1138
2138
